2025/07/30 18:39:48 ✅ логгер инциализирован
2025/07/30 18:39:48 ✅ конвертер инциализирован
2025/07/30 18:39:48 ✅ клиент инциализирован
2025/07/30 18:39:48 ✅ обработчик инциализирован
2025/07/30 18:39:48 ✅ маршруты настроены
2025/07/30 18:39:48 ✅ сервер запущен
2025/07/30 18:39:48 🚀 Сервер слушает на localhost:8080
2025/07/30 18:44:07 🚨 Получен сигнал завершения. Начинаем graceful shutdown...
2025/07/30 18:44:07 ✅ Сервер успешно остановлен.
2025/07/30 18:45:32 ✅ логгер инциализирован
2025/07/30 18:45:32 ✅ конвертер инциализирован
2025/07/30 18:45:32 ✅ клиент инциализирован
2025/07/30 18:45:32 ✅ обработчик инциализирован
2025/07/30 18:45:32 ✅ маршруты настроены
2025/07/30 18:45:32 ✅ сервер запущен
2025/07/30 18:45:32 🚀 Сервер слушает на localhost:8080
2025/07/30 18:46:13 ✅ авторизованный доступ: remote=127.0.0.1:59930, path=/users
2025/07/30 18:46:13 🙏 Users: начало обработки запроса
2025/07/30 18:46:13 ✅ Users: тело запроса успешно прочитано, размер: 418 байт
2025/07/30 18:46:13 ✅ Users: XML успешно пропарсен: &{{ users} [{1 Иван Иванов ivan@example.com 30} {2 Мария Петрова maria@example.com 22} {3 Сергей Сидоров sergey@example.com 45}]}
2025/07/30 18:46:13 ✅ Сконвертировано 3 валидных пользователей. Начинаем отправку...
2025/07/30 18:46:13 🙏 Users: Отправляем пользователей на сервер
2025/07/30 18:46:13 ✅ Пользователи успешно отправлены на сервер
2025/07/30 18:47:24 ❌ неверный токен: remote=127.0.0.1:56132, path=/users, got_token="NEPRAVILNY_KLuch"
2025/07/30 18:47:47 ❌ неверный формат токена: remote=127.0.0.1:46924, path=/users, got_header=""
2025/07/30 18:48:03 ✅ авторизованный доступ: remote=127.0.0.1:58826, path=/users
2025/07/30 18:48:03 🙏 Users: начало обработки запроса
2025/07/30 18:48:03 ✅ Users: тело запроса успешно прочитано, размер: 60 байт
2025/07/30 18:48:03 ❌ Users: ошибка при парсинге XML: ❌ ошибка при парсинге XML: XML syntax error on line 1: unexpected EOF
2025/07/30 18:48:27 ✅ авторизованный доступ: remote=127.0.0.1:60038, path=/users
2025/07/30 18:48:27 🙏 Users: начало обработки запроса
2025/07/30 18:48:27 ✅ Users: тело запроса успешно прочитано, размер: 92 байт
2025/07/30 18:48:27 ✅ Users: XML успешно пропарсен: &{{ users} [{1  ivan@example.com 30}]}
2025/07/30 18:48:27 ❌ Нет валидных пользователей для отправки. Ошибки: user с ID #0: ❌ пустое имя
2025/07/30 18:49:19 🚨 Получен сигнал завершения. Начинаем graceful shutdown...
2025/07/30 18:49:19 ✅ Сервер успешно остановлен.
